Тест: без ошибок 
----Протокол----	Дата: 25.09.2018 19:14:52, вторник
----Параметры----
-log: file.txt.log
-out: file.txt.out
-in: file.txt

	Таблица лексем:

0.	m
1.	{
2.	dti=l;
3.	dti=l;
4.	dti;
5.	dti=l;
6.	dti=l;
7.	dti;
8.	dtfi(ti);
9.	i=l;
10.	i=l;
11.	i=l;
12.	i=(i,i);
13.	i=(i,i);
14.	pl;
15.	pi;
16.	pi;
17.	pi(i);
18.	rl;
19.	}

	Таблица идентификаторов:
Строка	Тип Id		Тип переменной	Имя	Значение
2	1		2		x	21
3	1		2		y	4
4	1		2		z	0
5	1		3		sa	'1234567890'
6	1		3		sb	'test'
7	1		3		sc	
8	2		2		strlen	0
8	3		3		p	
9	4		2		LITERAL	1
10	4		2		LITERAL	5
11	4		3		LITERAL	'1234567890'
14	4		3		LITERAL	'контрольный пример'
18	4		2		LITERAL	0


----Исходные данные----
Количество символов: 350
Количество строк: 19
Проигнорировано: 0
